{"/home/zan/Projects/RN/rwallet/src/assets/styles/color.ts": {"path":"/home/zan/Projects/RN/rwallet/src/assets/styles/color.ts","statementMap":{"0":{"start":{"line":3,"column":13},"end":{"line":3,"column":165}},"1":{"start":{"line":4,"column":24},"end":{"line":8,"column":1}},"2":{"start":{"line":9,"column":16},"end":{"line":9,"column":60}},"3":{"start":{"line":10,"column":13},"end":{"line":10,"column":38}},"4":{"start":{"line":13,"column":20},"end":{"line":13,"column":22}},"5":{"start":{"line":14,"column":4},"end":{"line":32,"column":5}},"6":{"start":{"line":14,"column":15},"end":{"line":14,"column":16}},"7":{"start":{"line":15,"column":21},"end":{"line":15,"column":30}},"8":{"start":{"line":16,"column":25},"end":{"line":16,"column":37}},"9":{"start":{"line":17,"column":23},"end":{"line":17,"column":25}},"10":{"start":{"line":19,"column":8},"end":{"line":23,"column":11}},"11":{"start":{"line":20,"column":27},"end":{"line":20,"column":29}},"12":{"start":{"line":21,"column":12},"end":{"line":21,"column":41}},"13":{"start":{"line":22,"column":12},"end":{"line":22,"column":34}},"14":{"start":{"line":25,"column":8},"end":{"line":30,"column":9}},"15":{"start":{"line":26,"column":24},"end":{"line":26,"column":42}},"16":{"start":{"line":27,"column":27},"end":{"line":27,"column":29}},"17":{"start":{"line":28,"column":12},"end":{"line":28,"column":37}},"18":{"start":{"line":29,"column":12},"end":{"line":29,"column":29}},"19":{"start":{"line":31,"column":8},"end":{"line":31,"column":29}},"20":{"start":{"line":33,"column":4},"end":{"line":33,"column":17}},"21":{"start":{"line":37,"column":14},"end":{"line":159,"column":1}}},"fnMap":{"0":{"name":"styleScript","decl":{"start":{"line":12,"column":9},"end":{"line":12,"column":20}},"loc":{"start":{"line":12,"column":23},"end":{"line":34,"column":1}},"line":12},"1":{"name":"(anonymous_1)","decl":{"start":{"line":19,"column":23},"end":{"line":19,"column":24}},"loc":{"start":{"line":19,"column":36},"end":{"line":23,"column":9}},"line":19}},"branchMap":{},"s":{"0":1,"1":1,"2":1,"3":1,"4":1,"5":1,"6":1,"7":3,"8":3,"9":3,"10":3,"11":51,"12":51,"13":51,"14":3,"15":9,"16":9,"17":9,"18":9,"19":3,"20":1,"21":1},"f":{"0":1,"1":51},"b":{},"_coverageSchema":"43e27e138ebf9cfc5966b082cf9a028302ed4184","hash":"4b9835678d05b8357929538abaeee6e09ea88e45"}
,"/home/zan/Projects/RN/rwallet/src/assets/styles/layout.flex.js": {"path":"/home/zan/Projects/RN/rwallet/src/assets/styles/layout.flex.js","statementMap":{"0":{"start":{"line":1,"column":13},"end":{"line":1,"column":75}},"1":{"start":{"line":1,"column":75},"end":{"line":1,"column":100}},"2":{"start":{"line":5,"column":19},"end":{"line":5,"column":42}},"3":{"start":{"line":7,"column":11},"end":{"line":99,"column":20}},"4":{"start":{"line":103,"column":0},"end":{"line":103,"column":4}},"5":{"start":{"line":103,"column":5},"end":{"line":103,"column":32}}},"fnMap":{},"branchMap":{},"s":{"0":1,"1":1,"2":1,"3":1,"4":1,"5":1},"f":{},"b":{},"_coverageSchema":"43e27e138ebf9cfc5966b082cf9a028302ed4184","hash":"8dc761ab3137e0cabf4fa8e454db60430d374f27"}
,"/home/zan/Projects/RN/rwallet/src/common/i18n.js": {"path":"/home/zan/Projects/RN/rwallet/src/common/i18n.js","statementMap":{"0":{"start":{"line":1,"column":42},"end":{"line":1,"column":97}},"1":{"start":{"line":1,"column":98},"end":{"line":1,"column":160}},"2":{"start":{"line":1,"column":160},"end":{"line":1,"column":186}},"3":{"start":{"line":1,"column":186},"end":{"line":1,"column":227}},"4":{"start":{"line":1,"column":246},"end":{"line":1,"column":293}},"5":{"start":{"line":2,"column":23},"end":{"line":2,"column":75}},"6":{"start":{"line":5,"column":10},"end":{"line":5,"column":67}},"7":{"start":{"line":6,"column":10},"end":{"line":6,"column":67}},"8":{"start":{"line":7,"column":10},"end":{"line":7,"column":67}},"9":{"start":{"line":8,"column":10},"end":{"line":8,"column":67}},"10":{"start":{"line":11,"column":0},"end":{"line":11,"column":42}},"11":{"start":{"line":14,"column":0},"end":{"line":15,"column":71}},"12":{"start":{"line":18,"column":20},"end":{"line":18,"column":60}},"13":{"start":{"line":21,"column":12},"end":{"line":21,"column":82}},"14":{"start":{"line":21,"column":83},"end":{"line":21,"column":105}},"15":{"start":{"line":24,"column":0},"end":{"line":24,"column":49}},"16":{"start":{"line":27,"column":37},"end":{"line":27,"column":107}},"17":{"start":{"line":28,"column":2},"end":{"line":28,"column":50}},"18":{"start":{"line":31,"column":0},"end":{"line":31,"column":24}},"19":{"start":{"line":31,"column":25},"end":{"line":31,"column":52}}},"fnMap":{"0":{"name":"strings","decl":{"start":{"line":27,"column":9},"end":{"line":27,"column":16}},"loc":{"start":{"line":27,"column":23},"end":{"line":29,"column":1}},"line":27}},"branchMap":{"0":{"loc":{"start":{"line":21,"column":12},"end":{"line":21,"column":82}},"type":"binary-expr","locations":[{"start":{"line":21,"column":12},"end":{"line":21,"column":45}},{"start":{"line":21,"column":49},"end":{"line":21,"column":82}}],"line":21},"1":{"loc":{"start":{"line":27,"column":37},"end":{"line":27,"column":107}},"type":"cond-expr","locations":[{"start":{"line":27,"column":90},"end":{"line":27,"column":102}},{"start":{"line":27,"column":105},"end":{"line":27,"column":107}}],"line":27},"2":{"loc":{"start":{"line":27,"column":37},"end":{"line":27,"column":87}},"type":"binary-expr","locations":[{"start":{"line":27,"column":37},"end":{"line":27,"column":57}},{"start":{"line":27,"column":61},"end":{"line":27,"column":87}}],"line":27}},"s":{"0":1,"1":1,"2":1,"3":1,"4":1,"5":1,"6":1,"7":1,"8":1,"9":1,"10":1,"11":1,"12":1,"13":1,"14":1,"15":1,"16":0,"17":0,"18":1,"19":1},"f":{"0":0},"b":{"0":[1,1],"1":[0,0],"2":[0,0]},"_coverageSchema":"43e27e138ebf9cfc5966b082cf9a028302ed4184","hash":"74c014fa39a332a8f9b843eaaf9d88dc2ec48dcf"}
,"/home/zan/Projects/RN/rwallet/src/components/common/list/selectionList.js": {"path":"/home/zan/Projects/RN/rwallet/src/components/common/list/selectionList.js","statementMap":{"0":{"start":{"line":1,"column":42},"end":{"line":1,"column":97}},"1":{"start":{"line":1,"column":128},"end":{"line":1,"column":184}},"2":{"start":{"line":1,"column":185},"end":{"line":1,"column":247}},"3":{"start":{"line":1,"column":247},"end":{"line":1,"column":272}},"4":{"start":{"line":1,"column":295},"end":{"line":1,"column":367}},"5":{"start":{"line":1,"column":388},"end":{"line":1,"column":457}},"6":{"start":{"line":1,"column":492},"end":{"line":1,"column":575}},"7":{"start":{"line":1,"column":599},"end":{"line":1,"column":671}},"8":{"start":{"line":1,"column":702},"end":{"line":1,"column":781}},"9":{"start":{"line":1,"column":799},"end":{"line":1,"column":865}},"10":{"start":{"line":1,"column":879},"end":{"line":1,"column":920}},"11":{"start":{"line":2,"column":19},"end":{"line":2,"column":42}},"12":{"start":{"line":5,"column":17},"end":{"line":5,"column":62}},"13":{"start":{"line":6,"column":17},"end":{"line":6,"column":87}},"14":{"start":{"line":7,"column":13},"end":{"line":7,"column":79}},"15":{"start":{"line":7,"column":99},"end":{"line":7,"column":174}},"16":{"start":{"line":9,"column":13},"end":{"line":24,"column":25}},"17":{"start":{"line":28,"column":33},"end":{"line":28,"column":43}},"18":{"start":{"line":28,"column":55},"end":{"line":28,"column":68}},"19":{"start":{"line":28,"column":79},"end":{"line":28,"column":91}},"20":{"start":{"line":29,"column":14},"end":{"line":29,"column":18}},"21":{"start":{"line":30,"column":2},"end":{"line":32,"column":3}},"22":{"start":{"line":31,"column":4},"end":{"line":31,"column":165}},"23":{"start":{"line":33,"column":2},"end":{"line":38,"column":14}},"24":{"start":{"line":45,"column":0},"end":{"line":48,"column":37}},"25":{"start":{"line":51,"column":0},"end":{"line":53,"column":18}},"26":{"start":{"line":56,"column":16},"end":{"line":99,"column":50}},"27":{"start":{"line":56,"column":39},"end":{"line":56,"column":90}},"28":{"start":{"line":57,"column":43},"end":{"line":57,"column":94}},"29":{"start":{"line":58,"column":4},"end":{"line":58,"column":123}},"30":{"start":{"line":59,"column":15},"end":{"line":59,"column":35}},"31":{"start":{"line":60,"column":4},"end":{"line":61,"column":32}},"32":{"start":{"line":63,"column":4},"end":{"line":63,"column":84}},"33":{"start":{"line":63,"column":84},"end":{"line":63,"column":97}},"34":{"start":{"line":64,"column":3},"end":{"line":99,"column":10}},"35":{"start":{"line":67,"column":17},"end":{"line":67,"column":36}},"36":{"start":{"line":68,"column":6},"end":{"line":68,"column":46}},"37":{"start":{"line":69,"column":6},"end":{"line":71,"column":7}},"38":{"start":{"line":70,"column":8},"end":{"line":70,"column":24}},"39":{"start":{"line":74,"column":18},"end":{"line":74,"column":22}},"40":{"start":{"line":75,"column":22},"end":{"line":75,"column":46}},"41":{"start":{"line":76,"column":13},"end":{"line":76,"column":28}},"42":{"start":{"line":77,"column":6},"end":{"line":96,"column":135}},"43":{"start":{"line":81,"column":61},"end":{"line":81,"column":71}},"44":{"start":{"line":81,"column":80},"end":{"line":81,"column":91}},"45":{"start":{"line":82,"column":27},"end":{"line":82,"column":32}},"46":{"start":{"line":83,"column":12},"end":{"line":85,"column":13}},"47":{"start":{"line":84,"column":14},"end":{"line":84,"column":30}},"48":{"start":{"line":86,"column":12},"end":{"line":92,"column":93}},"49":{"start":{"line":90,"column":18},"end":{"line":90,"column":40}},"50":{"start":{"line":96,"column":49},"end":{"line":96,"column":75}},"51":{"start":{"line":99,"column":10},"end":{"line":99,"column":31}},"52":{"start":{"line":99,"column":51},"end":{"line":99,"column":83}},"53":{"start":{"line":102,"column":0},"end":{"line":105,"column":40}},"54":{"start":{"line":108,"column":0},"end":{"line":110,"column":16}}},"fnMap":{"0":{"name":"Item","decl":{"start":{"line":28,"column":9},"end":{"line":28,"column":13}},"loc":{"start":{"line":28,"column":20},"end":{"line":43,"column":1}},"line":28},"1":{"name":"(anonymous_1)","decl":{"start":{"line":56,"column":16},"end":{"line":56,"column":17}},"loc":{"start":{"line":56,"column":38},"end":{"line":99,"column":32}},"line":56},"2":{"name":"SelectionList","decl":{"start":{"line":57,"column":11},"end":{"line":57,"column":24}},"loc":{"start":{"line":57,"column":32},"end":{"line":64,"column":3}},"line":57},"3":{"name":"onPress","decl":{"start":{"line":64,"column":80},"end":{"line":64,"column":87}},"loc":{"start":{"line":66,"column":11},"end":{"line":72,"column":5}},"line":66},"4":{"name":"render","decl":{"start":{"line":72,"column":42},"end":{"line":72,"column":48}},"loc":{"start":{"line":74,"column":4},"end":{"line":99,"column":5}},"line":74},"5":{"name":"renderItem","decl":{"start":{"line":81,"column":31},"end":{"line":81,"column":41}},"loc":{"start":{"line":81,"column":49},"end":{"line":95,"column":11}},"line":81},"6":{"name":"onPress","decl":{"start":{"line":89,"column":34},"end":{"line":89,"column":41}},"loc":{"start":{"line":89,"column":44},"end":{"line":91,"column":17}},"line":89},"7":{"name":"keyExtractor","decl":{"start":{"line":96,"column":33},"end":{"line":96,"column":45}},"loc":{"start":{"line":96,"column":48},"end":{"line":96,"column":76}},"line":96}},"branchMap":{"0":{"loc":{"start":{"line":30,"column":2},"end":{"line":32,"column":3}},"type":"if","locations":[{"start":{"line":30,"column":2},"end":{"line":32,"column":3}},{"start":{"line":30,"column":2},"end":{"line":32,"column":3}}],"line":30},"1":{"loc":{"start":{"line":69,"column":6},"end":{"line":71,"column":7}},"type":"if","locations":[{"start":{"line":69,"column":6},"end":{"line":71,"column":7}},{"start":{"line":69,"column":6},"end":{"line":71,"column":7}}],"line":69},"2":{"loc":{"start":{"line":83,"column":12},"end":{"line":85,"column":13}},"type":"if","locations":[{"start":{"line":83,"column":12},"end":{"line":85,"column":13}},{"start":{"line":83,"column":12},"end":{"line":85,"column":13}}],"line":83}},"s":{"0":1,"1":1,"2":1,"3":1,"4":1,"5":1,"6":1,"7":1,"8":1,"9":1,"10":1,"11":1,"12":1,"13":1,"14":1,"15":1,"16":1,"17":0,"18":0,"19":0,"20":0,"21":0,"22":0,"23":0,"24":1,"25":1,"26":1,"27":1,"28":0,"29":0,"30":0,"31":0,"32":0,"33":0,"34":1,"35":0,"36":0,"37":0,"38":0,"39":0,"40":0,"41":0,"42":0,"43":0,"44":0,"45":0,"46":0,"47":0,"48":0,"49":0,"50":0,"51":1,"52":1,"53":1,"54":1},"f":{"0":0,"1":1,"2":0,"3":0,"4":0,"5":0,"6":0,"7":0},"b":{"0":[0,0],"1":[0,0],"2":[0,0]},"_coverageSchema":"43e27e138ebf9cfc5966b082cf9a028302ed4184","hash":"6d0976d5c5886a9b4d3698be7b82ba116f18eca9"}
,"/home/zan/Projects/RN/rwallet/src/components/common/misc/header.js": {"path":"/home/zan/Projects/RN/rwallet/src/components/common/misc/header.js","statementMap":{"0":{"start":{"line":1,"column":42},"end":{"line":1,"column":97}},"1":{"start":{"line":1,"column":98},"end":{"line":1,"column":160}},"2":{"start":{"line":1,"column":160},"end":{"line":1,"column":185}},"3":{"start":{"line":1,"column":198},"end":{"line":1,"column":238}},"4":{"start":{"line":2,"column":19},"end":{"line":2,"column":42}},"5":{"start":{"line":5,"column":17},"end":{"line":5,"column":62}},"6":{"start":{"line":6,"column":14},"end":{"line":6,"column":81}},"7":{"start":{"line":7,"column":11},"end":{"line":7,"column":51}},"8":{"start":{"line":7,"column":71},"end":{"line":7,"column":139}},"9":{"start":{"line":11,"column":13},"end":{"line":29,"column":22}},"10":{"start":{"line":33,"column":35},"end":{"line":33,"column":45}},"11":{"start":{"line":33,"column":55},"end":{"line":33,"column":66}},"12":{"start":{"line":34,"column":19},"end":{"line":34,"column":23}},"13":{"start":{"line":35,"column":2},"end":{"line":46,"column":3}},"14":{"start":{"line":36,"column":4},"end":{"line":43,"column":170}},"15":{"start":{"line":40,"column":8},"end":{"line":40,"column":17}},"16":{"start":{"line":47,"column":2},"end":{"line":52,"column":18}},"17":{"start":{"line":58,"column":0},"end":{"line":60,"column":36}},"18":{"start":{"line":63,"column":0},"end":{"line":64,"column":17}}},"fnMap":{"0":{"name":"Header","decl":{"start":{"line":33,"column":9},"end":{"line":33,"column":15}},"loc":{"start":{"line":33,"column":22},"end":{"line":56,"column":1}},"line":33},"1":{"name":"onPress","decl":{"start":{"line":39,"column":24},"end":{"line":39,"column":31}},"loc":{"start":{"line":39,"column":34},"end":{"line":41,"column":7}},"line":39}},"branchMap":{"0":{"loc":{"start":{"line":35,"column":2},"end":{"line":46,"column":3}},"type":"if","locations":[{"start":{"line":35,"column":2},"end":{"line":46,"column":3}},{"start":{"line":35,"column":2},"end":{"line":46,"column":3}}],"line":35}},"s":{"0":1,"1":1,"2":1,"3":1,"4":1,"5":1,"6":1,"7":1,"8":1,"9":1,"10":0,"11":0,"12":0,"13":0,"14":0,"15":0,"16":0,"17":1,"18":1},"f":{"0":0,"1":0},"b":{"0":[0,0]},"_coverageSchema":"43e27e138ebf9cfc5966b082cf9a028302ed4184","hash":"b691d6b3c58fb5a3d3dfcc971ab555f994049704"}
,"/home/zan/Projects/RN/rwallet/src/components/common/misc/loc.js": {"path":"/home/zan/Projects/RN/rwallet/src/components/common/misc/loc.js","statementMap":{"0":{"start":{"line":1,"column":42},"end":{"line":1,"column":97}},"1":{"start":{"line":1,"column":98},"end":{"line":1,"column":160}},"2":{"start":{"line":1,"column":160},"end":{"line":1,"column":185}},"3":{"start":{"line":1,"column":198},"end":{"line":1,"column":238}},"4":{"start":{"line":2,"column":19},"end":{"line":2,"column":42}},"5":{"start":{"line":3,"column":17},"end":{"line":3,"column":62}},"6":{"start":{"line":4,"column":18},"end":{"line":4,"column":40}},"7":{"start":{"line":5,"column":12},"end":{"line":5,"column":43}},"8":{"start":{"line":5,"column":63},"end":{"line":5,"column":128}},"9":{"start":{"line":7,"column":10},"end":{"line":7,"column":223}},"10":{"start":{"line":7,"column":41},"end":{"line":7,"column":50}},"11":{"start":{"line":7,"column":59},"end":{"line":7,"column":69}},"12":{"start":{"line":7,"column":70},"end":{"line":7,"column":222}},"13":{"start":{"line":9,"column":0},"end":{"line":11,"column":68}},"14":{"start":{"line":14,"column":0},"end":{"line":15,"column":16}},"15":{"start":{"line":18,"column":22},"end":{"line":19,"column":56}},"16":{"start":{"line":18,"column":55},"end":{"line":19,"column":55}},"17":{"start":{"line":22,"column":0},"end":{"line":22,"column":46}},"18":{"start":{"line":22,"column":47},"end":{"line":22,"column":74}}},"fnMap":{"0":{"name":"Loc","decl":{"start":{"line":7,"column":19},"end":{"line":7,"column":22}},"loc":{"start":{"line":7,"column":29},"end":{"line":7,"column":223}},"line":7},"1":{"name":"mapStateToProps","decl":{"start":{"line":18,"column":31},"end":{"line":18,"column":46}},"loc":{"start":{"line":18,"column":54},"end":{"line":19,"column":56}},"line":18}},"branchMap":{},"s":{"0":1,"1":1,"2":1,"3":1,"4":1,"5":1,"6":1,"7":1,"8":1,"9":1,"10":0,"11":0,"12":0,"13":1,"14":1,"15":1,"16":0,"17":1,"18":1},"f":{"0":0,"1":0},"b":{},"_coverageSchema":"43e27e138ebf9cfc5966b082cf9a028302ed4184","hash":"6941197a086de5eb3e5abcabbc16ea572f30be5e"}
,"/home/zan/Projects/RN/rwallet/src/pages/mine/language.js": {"path":"/home/zan/Projects/RN/rwallet/src/pages/mine/language.js","statementMap":{"0":{"start":{"line":1,"column":42},"end":{"line":1,"column":97}},"1":{"start":{"line":1,"column":128},"end":{"line":1,"column":184}},"2":{"start":{"line":1,"column":185},"end":{"line":1,"column":247}},"3":{"start":{"line":1,"column":247},"end":{"line":1,"column":272}},"4":{"start":{"line":1,"column":295},"end":{"line":1,"column":367}},"5":{"start":{"line":1,"column":388},"end":{"line":1,"column":457}},"6":{"start":{"line":1,"column":492},"end":{"line":1,"column":575}},"7":{"start":{"line":1,"column":599},"end":{"line":1,"column":671}},"8":{"start":{"line":1,"column":702},"end":{"line":1,"column":781}},"9":{"start":{"line":1,"column":799},"end":{"line":1,"column":865}},"10":{"start":{"line":1,"column":879},"end":{"line":1,"column":920}},"11":{"start":{"line":2,"column":19},"end":{"line":2,"column":42}},"12":{"start":{"line":5,"column":17},"end":{"line":5,"column":62}},"13":{"start":{"line":6,"column":18},"end":{"line":6,"column":40}},"14":{"start":{"line":7,"column":14},"end":{"line":7,"column":84}},"15":{"start":{"line":8,"column":14},"end":{"line":8,"column":80}},"16":{"start":{"line":9,"column":21},"end":{"line":9,"column":98}},"17":{"start":{"line":10,"column":15},"end":{"line":10,"column":86}},"18":{"start":{"line":10,"column":106},"end":{"line":10,"column":164}},"19":{"start":{"line":12,"column":13},"end":{"line":28,"column":28}},"20":{"start":{"line":32,"column":11},"end":{"line":77,"column":45}},"21":{"start":{"line":32,"column":34},"end":{"line":32,"column":80}},"22":{"start":{"line":52,"column":38},"end":{"line":52,"column":84}},"23":{"start":{"line":53,"column":4},"end":{"line":53,"column":118}},"24":{"start":{"line":53,"column":118},"end":{"line":53,"column":222}},"25":{"start":{"line":54,"column":4},"end":{"line":54,"column":86}},"26":{"start":{"line":54,"column":86},"end":{"line":54,"column":99}},"27":{"start":{"line":55,"column":3},"end":{"line":77,"column":10}},"28":{"start":{"line":58,"column":23},"end":{"line":58,"column":48}},"29":{"start":{"line":59,"column":20},"end":{"line":59,"column":44}},"30":{"start":{"line":60,"column":6},"end":{"line":60,"column":37}},"31":{"start":{"line":64,"column":17},"end":{"line":64,"column":36}},"32":{"start":{"line":65,"column":21},"end":{"line":67,"column":15}},"33":{"start":{"line":68,"column":19},"end":{"line":68,"column":40}},"34":{"start":{"line":69,"column":6},"end":{"line":73,"column":188}},"35":{"start":{"line":77,"column":10},"end":{"line":77,"column":26}},"36":{"start":{"line":77,"column":46},"end":{"line":77,"column":114}},"37":{"start":{"line":77,"column":88},"end":{"line":77,"column":112}},"38":{"start":{"line":80,"column":0},"end":{"line":88,"column":51}},"39":{"start":{"line":91,"column":22},"end":{"line":92,"column":56}},"40":{"start":{"line":91,"column":55},"end":{"line":92,"column":55}},"41":{"start":{"line":95,"column":25},"end":{"line":97,"column":54}},"42":{"start":{"line":95,"column":64},"end":{"line":97,"column":53}},"43":{"start":{"line":96,"column":55},"end":{"line":97,"column":49}},"44":{"start":{"line":101,"column":0},"end":{"line":101,"column":71}},"45":{"start":{"line":101,"column":72},"end":{"line":101,"column":99}}},"fnMap":{"0":{"name":"(anonymous_0)","decl":{"start":{"line":32,"column":11},"end":{"line":32,"column":12}},"loc":{"start":{"line":32,"column":33},"end":{"line":77,"column":27}},"line":32},"1":{"name":"Language","decl":{"start":{"line":52,"column":11},"end":{"line":52,"column":19}},"loc":{"start":{"line":52,"column":27},"end":{"line":55,"column":3}},"line":52},"2":{"name":"onChange","decl":{"start":{"line":55,"column":76},"end":{"line":55,"column":84}},"loc":{"start":{"line":57,"column":11},"end":{"line":61,"column":5}},"line":57},"3":{"name":"render","decl":{"start":{"line":61,"column":42},"end":{"line":61,"column":48}},"loc":{"start":{"line":63,"column":4},"end":{"line":77,"column":5}},"line":63},"4":{"name":"(anonymous_4)","decl":{"start":{"line":77,"column":75},"end":{"line":77,"column":76}},"loc":{"start":{"line":77,"column":87},"end":{"line":77,"column":113}},"line":77},"5":{"name":"mapStateToProps","decl":{"start":{"line":91,"column":31},"end":{"line":91,"column":46}},"loc":{"start":{"line":91,"column":54},"end":{"line":92,"column":56}},"line":91},"6":{"name":"mapDispatchToProps","decl":{"start":{"line":95,"column":34},"end":{"line":95,"column":52}},"loc":{"start":{"line":95,"column":63},"end":{"line":97,"column":54}},"line":95},"7":{"name":"changeLanguage","decl":{"start":{"line":96,"column":29},"end":{"line":96,"column":43}},"loc":{"start":{"line":96,"column":54},"end":{"line":97,"column":50}},"line":96}},"branchMap":{},"s":{"0":1,"1":1,"2":1,"3":1,"4":1,"5":1,"6":1,"7":1,"8":1,"9":1,"10":1,"11":1,"12":1,"13":1,"14":1,"15":1,"16":1,"17":1,"18":1,"19":1,"20":1,"21":1,"22":0,"23":0,"24":0,"25":0,"26":0,"27":1,"28":0,"29":0,"30":0,"31":0,"32":0,"33":0,"34":0,"35":1,"36":1,"37":0,"38":1,"39":1,"40":0,"41":1,"42":0,"43":0,"44":1,"45":1},"f":{"0":1,"1":0,"2":0,"3":0,"4":0,"5":0,"6":0,"7":0},"b":{},"_coverageSchema":"43e27e138ebf9cfc5966b082cf9a028302ed4184","hash":"f4641ea50cbb1c67c364f19f80aa524e1ff125a4"}
,"/home/zan/Projects/RN/rwallet/src/redux/languageSwitcher/actions.js": {"path":"/home/zan/Projects/RN/rwallet/src/redux/languageSwitcher/actions.js","statementMap":{"0":{"start":{"line":1,"column":13},"end":{"line":1,"column":75}},"1":{"start":{"line":1,"column":75},"end":{"line":1,"column":100}},"2":{"start":{"line":3,"column":14},"end":{"line":11,"column":30}},"3":{"start":{"line":6,"column":49},"end":{"line":7,"column":42}},"4":{"start":{"line":9,"column":53},"end":{"line":11,"column":27}},"5":{"start":{"line":15,"column":0},"end":{"line":15,"column":7}},"6":{"start":{"line":15,"column":8},"end":{"line":15,"column":35}}},"fnMap":{"0":{"name":"switchActivation","decl":{"start":{"line":6,"column":29},"end":{"line":6,"column":45}},"loc":{"start":{"line":6,"column":48},"end":{"line":7,"column":43}},"line":6},"1":{"name":"changeLanguage","decl":{"start":{"line":9,"column":27},"end":{"line":9,"column":41}},"loc":{"start":{"line":9,"column":52},"end":{"line":11,"column":28}},"line":9}},"branchMap":{},"s":{"0":1,"1":1,"2":1,"3":0,"4":0,"5":1,"6":1},"f":{"0":0,"1":0},"b":{},"_coverageSchema":"43e27e138ebf9cfc5966b082cf9a028302ed4184","hash":"0de3ff9f312b96fac50c34b492ff17fa1db9f220"}
}
