TN:
SF:/home/zan/Projects/RN/rwallet/src/assets/styles/color.ts
FN:12,styleScript
FN:19,(anonymous_1)
FNF:2
FNH:2
FNDA:1,styleScript
FNDA:51,(anonymous_1)
DA:3,1
DA:4,1
DA:9,1
DA:10,1
DA:13,1
DA:14,1
DA:15,3
DA:16,3
DA:17,3
DA:19,3
DA:20,51
DA:21,51
DA:22,51
DA:25,3
DA:26,9
DA:27,9
DA:28,9
DA:29,9
DA:31,3
DA:33,1
DA:37,1
LF:21
LH:21
BRF:0
BRH:0
end_of_record
TN:
SF:/home/zan/Projects/RN/rwallet/src/assets/styles/layout.flex.js
FNF:0
FNH:0
DA:1,1
DA:5,1
DA:7,1
DA:103,1
LF:4
LH:4
BRF:0
BRH:0
end_of_record
TN:
SF:/home/zan/Projects/RN/rwallet/src/common/i18n.js
FN:27,strings
FNF:1
FNH:0
FNDA:0,strings
DA:1,1
DA:2,1
DA:5,1
DA:6,1
DA:7,1
DA:8,1
DA:11,1
DA:14,1
DA:18,1
DA:21,1
DA:24,1
DA:27,0
DA:28,0
DA:31,1
LF:14
LH:12
BRDA:21,0,0,1
BRDA:21,0,1,1
BRDA:27,1,0,0
BRDA:27,1,1,0
BRDA:27,2,0,0
BRDA:27,2,1,0
BRF:6
BRH:2
end_of_record
TN:
SF:/home/zan/Projects/RN/rwallet/src/components/common/list/selectionList.js
FN:28,Item
FN:56,(anonymous_1)
FN:57,SelectionList
FN:64,onPress
FN:72,render
FN:81,renderItem
FN:89,onPress
FN:96,keyExtractor
FNF:8
FNH:1
FNDA:0,Item
FNDA:1,(anonymous_1)
FNDA:0,SelectionList
FNDA:0,onPress
FNDA:0,render
FNDA:0,renderItem
FNDA:0,onPress
FNDA:0,keyExtractor
DA:1,1
DA:2,1
DA:5,1
DA:6,1
DA:7,1
DA:9,1
DA:28,0
DA:29,0
DA:30,0
DA:31,0
DA:33,0
DA:45,1
DA:51,1
DA:56,1
DA:57,0
DA:58,0
DA:59,0
DA:60,0
DA:63,0
DA:64,1
DA:67,0
DA:68,0
DA:69,0
DA:70,0
DA:74,0
DA:75,0
DA:76,0
DA:77,0
DA:81,0
DA:82,0
DA:83,0
DA:84,0
DA:86,0
DA:90,0
DA:96,0
DA:99,1
DA:102,1
DA:108,1
LF:38
LH:13
BRDA:30,0,0,0
BRDA:30,0,1,0
BRDA:69,1,0,0
BRDA:69,1,1,0
BRDA:83,2,0,0
BRDA:83,2,1,0
BRF:6
BRH:0
end_of_record
TN:
SF:/home/zan/Projects/RN/rwallet/src/components/common/misc/header.js
FN:33,Header
FN:39,onPress
FNF:2
FNH:0
FNDA:0,Header
FNDA:0,onPress
DA:1,1
DA:2,1
DA:5,1
DA:6,1
DA:7,1
DA:11,1
DA:33,0
DA:34,0
DA:35,0
DA:36,0
DA:40,0
DA:47,0
DA:58,1
DA:63,1
LF:14
LH:8
BRDA:35,0,0,0
BRDA:35,0,1,0
BRF:2
BRH:0
end_of_record
TN:
SF:/home/zan/Projects/RN/rwallet/src/components/common/misc/loc.js
FN:7,Loc
FN:18,mapStateToProps
FNF:2
FNH:0
FNDA:0,Loc
FNDA:0,mapStateToProps
DA:1,1
DA:2,1
DA:3,1
DA:4,1
DA:5,1
DA:7,1
DA:9,1
DA:14,1
DA:18,1
DA:22,1
LF:10
LH:10
BRF:0
BRH:0
end_of_record
TN:
SF:/home/zan/Projects/RN/rwallet/src/pages/mine/language.js
FN:32,(anonymous_0)
FN:52,Language
FN:55,onChange
FN:61,render
FN:77,(anonymous_4)
FN:91,mapStateToProps
FN:95,mapDispatchToProps
FN:96,changeLanguage
FNF:8
FNH:1
FNDA:1,(anonymous_0)
FNDA:0,Language
FNDA:0,onChange
FNDA:0,render
FNDA:0,(anonymous_4)
FNDA:0,mapStateToProps
FNDA:0,mapDispatchToProps
FNDA:0,changeLanguage
DA:1,1
DA:2,1
DA:5,1
DA:6,1
DA:7,1
DA:8,1
DA:9,1
DA:10,1
DA:12,1
DA:32,1
DA:52,0
DA:53,0
DA:54,0
DA:55,1
DA:58,0
DA:59,0
DA:60,0
DA:64,0
DA:65,0
DA:68,0
DA:69,0
DA:77,1
DA:80,1
DA:91,1
DA:95,1
DA:96,0
DA:101,1
LF:27
LH:16
BRF:0
BRH:0
end_of_record
TN:
SF:/home/zan/Projects/RN/rwallet/src/redux/languageSwitcher/actions.js
FN:6,switchActivation
FN:9,changeLanguage
FNF:2
FNH:0
FNDA:0,switchActivation
FNDA:0,changeLanguage
DA:1,1
DA:3,1
DA:6,0
DA:9,0
DA:15,1
LF:5
LH:3
BRF:0
BRH:0
end_of_record
